androidpn-client/app/build/outputs/logs/manifest-merger-debug-report.txt
-- Merging decision tree log ---
manifest
ADDED from src\main\AndroidManifest.xml:2:1-52:12
INJECTED from src\main\AndroidManifest.xml:2:1-52:12
INJECTED from src\main\AndroidManifest.xml:2:1-52:12
INJECTED from src\main\AndroidManifest.xml:2:1-52:12
INJECTED from src\main\AndroidManifest.xml:2:1-52:12
INJECTED from src\main\AndroidManifest.xml:2:1-52:12
INJECTED from src\main\AndroidManifest.xml:2:1-52:12
	package
		ADDED from src\main\AndroidManifest.xml:3:5-36
		INJECTED from src\main\AndroidManifest.xml
		INJECTED from src\main\AndroidManifest.xml
	android:versionName
		ADDED from src\main\AndroidManifest.xml:5:5-32
		INJECTED from src\main\AndroidManifest.xml
		INJECTED from src\main\AndroidManifest.xml
	xmlns:android
		ADDED from src\main\AndroidManifest.xml:2:11-69
	android:versionCode
		ADDED from src\main\AndroidManifest.xml:4:5-35
		INJECTED from src\main\AndroidManifest.xml
		INJECTED from src\main\AndroidManifest.xml
application
ADDED from src\main\AndroidManifest.xml:7:5-40:19
	android:label
		ADDED from src\main\AndroidManifest.xml:9:9-41
	android:icon
		ADDED from src\main\AndroidManifest.xml:8:9-46
activity#org.androidpn.demoapp.DemoAppActivity
ADDED from src\main\AndroidManifest.xml:10:9-18:20
	android:label
		ADDED from src\main\AndroidManifest.xml:12:13-45
	android:name
		ADDED from src\main\AndroidManifest.xml:11:13-44
intent-filter#android.intent.action.MAIN+android.intent.category.LAUNCHER
ADDED from src\main\AndroidManifest.xml:13:13-17:29
action#android.intent.action.MAIN
ADDED from src\main\AndroidManifest.xml:14:17-69
	android:name
		ADDED from src\main\AndroidManifest.xml:14:25-66
category#android.intent.category.LAUNCHER
ADDED from src\main\AndroidManifest.xml:16:17-77
	android:name
		ADDED from src\main\AndroidManifest.xml:16:27-74
activity#org.androidpn.demoapp.NotificationDetailsActivity
ADDED from src\main\AndroidManifest.xml:19:9-22:20
	android:label
		ADDED from src\main\AndroidManifest.xml:21:13-49
	android:name
		ADDED from src\main\AndroidManifest.xml:20:13-77
activity#org.androidpn.demoapp.NotificationSettingsActivity
ADDED from src\main\AndroidManifest.xml:23:9-26:20
	android:label
		ADDED from src\main\AndroidManifest.xml:25:13-50
	android:name
		ADDED from src\main\AndroidManifest.xml:24:13-78
service#org.androidpn.client.notification.NotificationService
ADDED from src\main\AndroidManifest.xml:28:9-35:19
	android:enabled
		ADDED from src\main\AndroidManifest.xml:30:13-35
	android:label
		ADDED from src\main\AndroidManifest.xml:31:13-48
	android:name
		ADDED from src\main\AndroidManifest.xml:29:13-81
intent-filter#org.androidpn.client.notification.NotificationService
ADDED from src\main\AndroidManifest.xml:32:13-34:29
action#org.androidpn.client.notification.NotificationService
ADDED from src\main\AndroidManifest.xml:33:17-96
	android:name
		ADDED from src\main\AndroidManifest.xml:33:25-93
uses-sdk
ADDED from src\main\AndroidManifest.xml:42:5-43
INJECTED from src\main\AndroidManifest.xml:42:5-43
INJECTED from src\main\AndroidManifest.xml:42:5-43
INJECTED from src\main\AndroidManifest.xml:42:5-43
INJECTED from src\main\AndroidManifest.xml:42:5-43
	android:targetSdkVersion
		INJECTED from src\main\AndroidManifest.xml
		ADDED from src\main\AndroidManifest.xml:42:5-43
		INJECTED from src\main\AndroidManifest.xml
	android:minSdkVersion
		ADDED from src\main\AndroidManifest.xml:42:15-40
		INJECTED from src\main\AndroidManifest.xml
		INJECTED from src\main\AndroidManifest.xml
uses-permission#android.permission.WAKE_LOCK
ADDED from src\main\AndroidManifest.xml:44:5-68
	android:name
		ADDED from src\main\AndroidManifest.xml:44:22-65
uses-permission#android.permission.READ_PHONE_STATE
ADDED from src\main\AndroidManifest.xml:45:5-75
	android:name
		ADDED from src\main\AndroidManifest.xml:45:22-72
uses-permission#android.permission.ACCESS_NETWORK_STATE
ADDED from src\main\AndroidManifest.xml:46:5-79
	android:name
		ADDED from src\main\AndroidManifest.xml:46:22-76
uses-permission#android.permission.INTERNET
ADDED from src\main\AndroidManifest.xml:47:5-67
	android:name
		ADDED from src\main\AndroidManifest.xml:47:22-64
uses-permission#android.permission.ACCESS_WIFI_STATE
ADDED from src\main\AndroidManifest.xml:48:5-76
	android:name
		ADDED from src\main\AndroidManifest.xml:48:22-73
uses-permission#android.permission.CHANGE_WIFI_STATE
ADDED from src\main\AndroidManifest.xml:49:5-76
	android:name
		ADDED from src\main\AndroidManifest.xml:49:22-73
uses-permission#android.permission.VIBRATE
ADDED from src\main\AndroidManifest.xml:50:5-66
	android:name
		ADDED from src\main\AndroidManifest.xml:50:22-63